{
  "stats": {
    "suites": 1,
    "tests": 1,
    "passes": 1,
    "pending": 0,
    "failures": 0,
    "start": "2022-06-26T19:14:19.863Z",
    "end": "2022-06-26T19:14:41.814Z",
    "duration": 21951,
    "testsRegistered": 1,
    "passPercent": 100,
    "pendingPercent": 0,
    "other": 0,
    "hasOther": false,
    "skipped": 0,
    "hasSkipped": false
  },
  "results": [
    {
      "uuid": "233b5543-d485-48c7-9f1f-59eb4cf1333b",
      "title": "",
      "fullFile": "cypress/e2e/purchase_flow.cy.ts",
      "file": "cypress/e2e/purchase_flow.cy.ts",
      "beforeHooks": [],
      "afterHooks": [],
      "tests": [],
      "suites": [
        {
          "uuid": "7fd65c01-bbe3-4a8f-943b-6919ff8df0bf",
          "title": "Successfull purchase flow",
          "fullFile": "",
          "file": "",
          "beforeHooks": [],
          "afterHooks": [],
          "tests": [
            {
              "title": "It checks login page, log in, adds items ti the cart, check remove button, check elements on the pages",
              "fullTitle": "Successfull purchase flow It checks login page, log in, adds items ti the cart, check remove button, check elements on the pages",
              "timedOut": null,
              "duration": 8670,
              "state": "passed",
              "speed": "medium",
              "pass": true,
              "fail": false,
              "pending": false,
              "context": null,
              "code": "cy.goToLoginPage();\ncy.checkLoginPage();\ncy.submitLoginForm(support_test_data__WEBPACK_IMPORTED_MODULE_1__[\"testUserName\"], support_test_data__WEBPACK_IMPORTED_MODULE_1__[\"testPassword\"]);\ncy.url().should('include', '/inventory.html');\ncy.resetAppState();\ncy.get(fixtures_selectors_json__WEBPACK_IMPORTED_MODULE_0__[\"inventoryPage\"].addBackpackButton).should('be.visible').click();\ncy.get(fixtures_selectors_json__WEBPACK_IMPORTED_MODULE_0__[\"inventoryPage\"].removeBackpackButton).should('be.visible');\ncy.get(fixtures_selectors_json__WEBPACK_IMPORTED_MODULE_0__[\"inventoryPage\"].addBikeLightButton).should('be.visible').click();\ncy.get(fixtures_selectors_json__WEBPACK_IMPORTED_MODULE_0__[\"inventoryPage\"].removeBikeLightButton).should('be.visible');\ncy.get(fixtures_selectors_json__WEBPACK_IMPORTED_MODULE_0__[\"inventoryPage\"].addBoltTshirtButton).should('be.visible').click();\ncy.get(fixtures_selectors_json__WEBPACK_IMPORTED_MODULE_0__[\"inventoryPage\"].removeBoltTshirtButton).should('be.visible');\ncy.get(fixtures_selectors_json__WEBPACK_IMPORTED_MODULE_0__[\"inventoryPage\"].shopingCartButton)\n    .should('be.visible')\n    .contains(3)\n    .click();\ncy.url().should('include', '/cart.html');\ncy.get(fixtures_selectors_json__WEBPACK_IMPORTED_MODULE_0__[\"cartPage\"].removeBoltTshirtButton).should('be.visible').click();\ncy.get(fixtures_selectors_json__WEBPACK_IMPORTED_MODULE_0__[\"cartPage\"].checkoutButton).should('be.visible').click();\ncy.url().should('include', '/checkout-step-one.html');\ncy.submitCheckoutPageForm(support_test_data__WEBPACK_IMPORTED_MODULE_1__[\"testFirstName\"], support_test_data__WEBPACK_IMPORTED_MODULE_1__[\"testSecondName\"], support_test_data__WEBPACK_IMPORTED_MODULE_1__[\"testPostalCode\"]);\ncy.get(fixtures_selectors_json__WEBPACK_IMPORTED_MODULE_0__[\"checkoutPage\"].continueButton).click();\ncy.url().should('include', '/checkout-step-two.html');\ncy.checkOverviewPage();\ncy.get(fixtures_selectors_json__WEBPACK_IMPORTED_MODULE_0__[\"checkOerviewPage\"].finishButton).click();\ncy.url().should('include', '/checkout-complete.html');\ncy.checkoutCompletePage();\ncy.logOut();",
              "err": {},
              "uuid": "67bd11aa-3450-4ab5-ac4c-b8849499067a",
              "parentUUID": "7fd65c01-bbe3-4a8f-943b-6919ff8df0bf",
              "isHook": false,
              "skipped": false
            }
          ],
          "suites": [],
          "passes": [
            "67bd11aa-3450-4ab5-ac4c-b8849499067a"
          ],
          "failures": [],
          "pending": [],
          "skipped": [],
          "duration": 8670,
          "root": false,
          "rootEmpty": false,
          "_timeout": 2000
        }
      ],
      "passes": [],
      "failures": [],
      "pending": [],
      "skipped": [],
      "duration": 0,
      "root": true,
      "rootEmpty": true,
      "_timeout": 2000
    }
  ],
  "meta": {
    "mocha": {
      "version": "7.0.1"
    },
    "mochawesome": {
      "options": {
        "quiet": false,
        "reportFilename": "saucedemo-tests",
        "saveHtml": false,
        "saveJson": true,
        "consoleReporter": "spec",
        "useInlineDiffs": false,
        "code": true
      },
      "version": "7.1.3"
    },
    "marge": {
      "options": {
        "charts": true,
        "html": false,
        "overwrite": false,
        "json": true,
        "reportDir": "cypress/reports/mocha",
        "reportFilename": "saucedemo-tests",
        "excludeSpecPattern": [
          "*/ignore/*"
        ]
      },
      "version": "6.2.0"
    }
  }
}